<?xml version="1.0" encoding="UTF-8"?>
<!-- Generated by org.testng.reporters.JUnitXMLReporter -->
<testsuite hostname="Girish" name="Test" tests="3" failures="1" timestamp="3 Apr 2019 07:14:27 GMT" time="52.097" errors="0">
  <testcase name="loginPage" time="8.879" classname="test.HomePage"/>
  <testcase name="loginPage" time="2.974" classname="test.HomePage"/>
  <testcase name="verifyTitle" time="3.697" classname="test.HomePage">
    <failure type="java.lang.AssertionError" message="expected [Register: Mercury Tours] but found [Register: Mercury Tour]">
      <![CDATA[java.lang.AssertionError: expected [Register: Mercury Tours] but found [Register: Mercury Tour]
	at test.HomePage.verifyTitle(HomePage.java:47)
	at org.apache.maven.surefire.testng.TestNGExecutor.run(TestNGExecutor.java:283)
	at org.apache.maven.surefire.testng.TestNGXmlTestSuite.execute(TestNGXmlTestSuite.java:75)
	at org.apache.maven.surefire.testng.TestNGProvider.invoke(TestNGProvider.java:120)
	at org.apache.maven.surefire.booter.ForkedBooter.invokeProviderInSameClassLoader(ForkedBooter.java:384)
	at org.apache.maven.surefire.booter.ForkedBooter.runSuitesInProcess(ForkedBooter.java:345)
	at org.apache.maven.surefire.booter.ForkedBooter.execute(ForkedBooter.java:126)
	at org.apache.maven.surefire.booter.ForkedBooter.main(ForkedBooter.java:418)
... Removed 26 stack frames]]>
    </failure>
  </testcase> <!-- verifyTitle -->
</testsuite> <!-- Test -->
