<?xml version="1.0" encoding="UTF-8"?>
<testsuite xmlns:xsi="http://www.w3.org/2001/XMLSchema-instance" xsi:noNamespaceSchemaLocation="https://maven.apache.org/surefire/maven-surefire-plugin/xsd/surefire-test-report-3.0.xsd" version="3.0" name="TestSuite" time="58.579" tests="3" errors="0" skipped="0" failures="1">
  <properties>
[...]
</properties>
  <testcase name="loginPage" classname="test.HomePage" time="8.878"/>
  <testcase name="loginPage" classname="test.HomePage" time="2.968"/>
  <testcase name="verifyTitle" classname="test.HomePage" time="3.712">
    <failure message="expected [Register: Mercury Tours] but found [Register: Mercury Tour]" type="java.lang.AssertionError">java.lang.AssertionError: expected [Register: Mercury Tours] but found [Register: Mercury Tour]
	at test.HomePage.verifyTitle(HomePage.java:47)
</failure>
    <system-out><![CDATA[The Title of Page: Register: Mercury Tours
]]></system-out>
  </testcase>
</testsuite>