<?xml version="1.0" encoding="UTF-8"?>
<testng-results skipped="0" failed="0" total="1" passed="1">
  <reporter-output>
  </reporter-output>
  <suite name="Suite" duration-ms="38984" started-at="2019-04-05T09:33:44Z" finished-at="2019-04-05T09:34:23Z">
    <groups>
      <group name="cucumber">
        <method signature="AbstractTestNGCucumberTests.feature(cucumber.api.testng.CucumberFeatureWrapper)[pri:0, instance:cucumbertest.TestRunner@27efef64]" name="feature" class="cucumber.api.testng.AbstractTestNGCucumberTests"/>
      </group> <!-- cucumber -->
    </groups>
    <test name="Test" duration-ms="38984" started-at="2019-04-05T09:33:44Z" finished-at="2019-04-05T09:34:23Z">
      <class name="cucumbertest.TestRunner">
        <test-method status="PASS" signature="setUpClass()[pri:0, instance:cucumbertest.TestRunner@27efef64]" name="setUpClass" is-config="true" duration-ms="671" started-at="2019-04-05T15:03:44Z" finished-at="2019-04-05T15:03:45Z">
          <reporter-output>
          </reporter-output>
        </test-method> <!-- setUpClass -->
        <test-method status="PASS" signature="feature(cucumber.api.testng.CucumberFeatureWrapper)[pri:0, instance:cucumbertest.TestRunner@27efef64]" name="feature" duration-ms="38107" started-at="2019-04-05T15:03:45Z" description="Runs Cucumber Feature" data-provider="features" finished-at="2019-04-05T15:04:23Z">
          <params>
            <param index="0">
              <value>
                <![CDATA[Login into the application]]>
              </value>
            </param>
          </params>
          <reporter-output>
          </reporter-output>
        </test-method> <!-- feature -->
        <test-method status="PASS" signature="tearDownClass()[pri:0, instance:cucumbertest.TestRunner@27efef64]" name="tearDownClass" is-config="true" duration-ms="6" started-at="2019-04-05T15:04:23Z" finished-at="2019-04-05T15:04:23Z">
          <reporter-output>
          </reporter-output>
        </test-method> <!-- tearDownClass -->
      </class> <!-- cucumbertest.TestRunner -->
    </test> <!-- Test -->
  </suite> <!-- Suite -->
</testng-results>
